[2020-12-16 17:58:00]:开始下载城市：上海
[2020-12-16 17:58:00]:开始下载BANNER数据
[2020-12-16 17:58:01]:开始下载今日推荐
[2020-12-16 18:01:48]:开始下载城市：上海
[2020-12-16 18:01:48]:开始下载BANNER数据
[2020-12-16 18:01:49]:开始下载今日推荐
[2020-12-16 18:02:13]:开始下载即将下线
[2020-12-16 18:02:24]:开始下载爆款推荐
[2020-12-16 18:02:37]:开始下载专栏
[2020-12-16 18:03:53]:开始下载城市：上海
[2020-12-16 18:03:53]:开始下载BANNER数据
[2020-12-16 18:03:55]:开始下载今日推荐
[2020-12-16 18:04:17]:开始下载即将下线
[2020-12-16 18:04:28]:开始下载爆款推荐
[2020-12-16 18:04:38]:开始下载专栏
[2020-12-16 18:05:23]:开始下载城市：杭州
[2020-12-16 18:05:23]:开始下载BANNER数据
[2020-12-16 18:05:23]:开始下载今日推荐
[2020-12-16 18:05:35]:开始下载即将下线
[2020-12-16 18:05:38]:开始下载爆款推荐
[2020-12-16 18:05:50]:开始下载专栏
[2020-12-16 18:06:25]:开始下载城市：南京
[2020-12-16 18:06:25]:开始下载BANNER数据
[2020-12-16 18:06:25]:开始下载今日推荐
[2020-12-16 18:06:32]:开始下载即将下线
[2020-12-16 18:06:34]:开始下载爆款推荐
[2020-12-16 19:17:52]:开始下载城市：上海
[2020-12-16 19:17:52]:开始下载BANNER数据
[2020-12-16 19:17:57]:开始下载今日推荐
[2020-12-16 19:18:39]:开始下载即将下线
[2020-12-16 19:18:51]:开始下载爆款推荐
[2020-12-16 19:19:02]:开始下载专栏
[2020-12-16 19:19:40]:开始下载城市：杭州
[2020-12-16 19:19:40]:开始下载BANNER数据
[2020-12-16 19:19:40]:开始下载今日推荐
[2020-12-16 19:19:52]:开始下载即将下线
[2020-12-16 19:19:53]:开始下载爆款推荐
[2020-12-16 19:20:04]:开始下载专栏
[2020-12-16 19:20:31]:开始下载城市：南京
[2020-12-16 19:20:31]:开始下载BANNER数据
[2020-12-16 19:20:31]:开始下载今日推荐
[2020-12-16 19:20:49]:开始下载即将下线
[2020-12-16 19:20:52]:开始下载爆款推荐
[2020-12-16 19:21:06]:开始下载专栏
[2020-12-16 19:21:31]:开始下载城市：苏州
[2020-12-16 19:21:31]:开始下载BANNER数据
[2020-12-16 19:21:32]:开始下载今日推荐
[2020-12-16 19:21:43]:开始下载即将下线
[2020-12-16 19:21:43]:开始下载爆款推荐
[2020-12-16 19:21:56]:开始下载专栏
[2020-12-16 19:22:29]:开始下载城市：北京
[2020-12-16 19:22:29]:开始下载BANNER数据
[2020-12-16 19:22:29]:开始下载今日推荐
[2020-12-16 19:22:36]:开始下载即将下线
[2020-12-16 19:22:37]:开始下载爆款推荐
[2020-12-16 19:22:50]:开始下载专栏
[2020-12-16 19:23:02]:开始下载城市：西安
[2020-12-16 19:23:02]:开始下载BANNER数据
[2020-12-16 19:23:02]:开始下载今日推荐
[2020-12-16 19:23:02]:开始下载即将下线
[2020-12-16 19:23:02]:开始下载爆款推荐
[2020-12-16 19:23:15]:开始下载专栏
[2020-12-16 19:23:15]:开始下载城市：合肥
[2020-12-16 19:23:15]:开始下载BANNER数据
[2020-12-16 19:23:15]:开始下载今日推荐
[2020-12-16 19:23:17]:开始下载即将下线
[2020-12-16 19:23:17]:开始下载爆款推荐
[2020-12-16 19:23:30]:开始下载专栏
[2020-12-16 19:23:32]:开始下载城市：武汉
[2020-12-16 19:23:32]:开始下载BANNER数据
[2020-12-16 19:23:33]:开始下载今日推荐
[2020-12-16 19:23:39]:开始下载即将下线
[2020-12-16 19:23:40]:开始下载爆款推荐
[2020-12-16 19:23:51]:开始下载专栏
[2020-12-16 19:24:10]:statistic scheduler start success
