[2020-12-24 17:39:16]:statistic scheduler start
[2020-12-24 17:39:16]:request get:https://www.houniao.hk/wxapi/index/carousel
[2020-12-24 17:39:33]:statistic scheduler start
[2020-12-24 17:39:33]:request get:https://www.houniao.hk/wxapi/index/carousel
[2020-12-24 17:39:47]:statistic scheduler start
[2020-12-24 17:39:47]:request get:https://www.houniao.hk/wxapi/index/carousel
[2020-12-24 17:39:48]:request get:https://www.houniao.hk/wxapi/goods/selectGoods
[2020-12-24 17:39:48]:{'page': 1, 'limit': 8, 'keywords': '元旦', 'sortType': '人气', 'tradeTypeId': 0, 'categoryIds': 0, 'categoryRank': 0}
[2020-12-24 17:40:34]:statistic scheduler start
[2020-12-24 17:40:34]:request get:https://www.houniao.hk/wxapi/index/carousel
[2020-12-24 17:40:35]:request get:https://www.houniao.hk/wxapi/goods/selectGoods
[2020-12-24 17:40:35]:{'page': 1, 'limit': 8, 'keywords': '元旦', 'sortType': '人气', 'tradeTypeId': 0, 'categoryIds': 0, 'categoryRank': 0}
[2020-12-24 17:41:46]:statistic scheduler start
[2020-12-24 17:41:46]:request get:https://www.houniao.hk/wxapi/index/carousel
[2020-12-24 17:41:46]:request get:https://www.houniao.hk/wxapi/goods/selectGoods
[2020-12-24 17:41:46]:{'page': 1, 'limit': 8, 'keywords': '元旦', 'sortType': '人气', 'tradeTypeId': 0, 'categoryIds': 0, 'categoryRank': 0}
[2020-12-24 17:41:49]:request get:https://www.houniao.hk/wxapi/goods/selectGoods
[2020-12-24 17:41:49]:{'page': 2, 'limit': 8, 'keywords': '元旦', 'sortType': '人气', 'tradeTypeId': 0, 'categoryIds': 0, 'categoryRank': 0}
[2020-12-24 17:41:51]:request get:https://www.houniao.hk/wxapi/goods/selectGoods
[2020-12-24 17:41:51]:{'page': 3, 'limit': 8, 'keywords': '元旦', 'sortType': '人气', 'tradeTypeId': 0, 'categoryIds': 0, 'categoryRank': 0}
[2020-12-24 17:41:53]:request get:https://www.houniao.hk/wxapi/goods/selectGoods
[2020-12-24 17:41:53]:{'page': 4, 'limit': 8, 'keywords': '元旦', 'sortType': '人气', 'tradeTypeId': 0, 'categoryIds': 0, 'categoryRank': 0}
[2020-12-24 17:41:55]:request get:https://www.houniao.hk/wxapi/goods/selectGoods
[2020-12-24 17:41:55]:{'page': 5, 'limit': 8, 'keywords': '元旦', 'sortType': '人气', 'tradeTypeId': 0, 'categoryIds': 0, 'categoryRank': 0}
[2020-12-24 17:41:58]:request get:https://www.houniao.hk/wxapi/goods/selectGoods
[2020-12-24 17:41:58]:{'page': 6, 'limit': 8, 'keywords': '元旦', 'sortType': '人气', 'tradeTypeId': 0, 'categoryIds': 0, 'categoryRank': 0}
[2020-12-24 17:42:00]:request get:https://www.houniao.hk/wxapi/goods/selectGoods
[2020-12-24 17:42:00]:{'page': 7, 'limit': 8, 'keywords': '元旦', 'sortType': '人气', 'tradeTypeId': 0, 'categoryIds': 0, 'categoryRank': 0}
[2020-12-24 17:42:03]:request get:https://www.houniao.hk/wxapi/goods/selectGoods
[2020-12-24 17:42:03]:{'page': 8, 'limit': 8, 'keywords': '元旦', 'sortType': '人气', 'tradeTypeId': 0, 'categoryIds': 0, 'categoryRank': 0}
[2020-12-24 17:42:06]:request get:https://www.houniao.hk/wxapi/goods/selectGoods
[2020-12-24 17:42:06]:{'page': 9, 'limit': 8, 'keywords': '元旦', 'sortType': '人气', 'tradeTypeId': 0, 'categoryIds': 0, 'categoryRank': 0}
[2020-12-24 17:42:08]:request get:https://www.houniao.hk/wxapi/goods/selectGoods
[2020-12-24 17:42:08]:{'page': 10, 'limit': 8, 'keywords': '元旦', 'sortType': '人气', 'tradeTypeId': 0, 'categoryIds': 0, 'categoryRank': 0}
[2020-12-24 17:42:11]:request get:https://www.houniao.hk/wxapi/goods/selectGoods
[2020-12-24 17:42:11]:{'page': 11, 'limit': 8, 'keywords': '元旦', 'sortType': '人气', 'tradeTypeId': 0, 'categoryIds': 0, 'categoryRank': 0}
[2020-12-24 17:42:14]:request get:https://www.houniao.hk/wxapi/goods/selectGoods
[2020-12-24 17:42:14]:{'page': 12, 'limit': 8, 'keywords': '元旦', 'sortType': '人气', 'tradeTypeId': 0, 'categoryIds': 0, 'categoryRank': 0}
[2020-12-24 17:42:16]:request get:https://www.houniao.hk/wxapi/goods/selectGoods
[2020-12-24 17:42:16]:{'page': 13, 'limit': 8, 'keywords': '元旦', 'sortType': '人气', 'tradeTypeId': 0, 'categoryIds': 0, 'categoryRank': 0}
[2020-12-24 17:42:19]:request get:https://www.houniao.hk/wxapi/goods/selectGoods
[2020-12-24 17:42:19]:{'page': 14, 'limit': 8, 'keywords': '元旦', 'sortType': '人气', 'tradeTypeId': 0, 'categoryIds': 0, 'categoryRank': 0}
[2020-12-24 17:42:25]:request get:https://www.houniao.hk/wxapi/goods/selectGoods
[2020-12-24 17:42:25]:{'page': 15, 'limit': 8, 'keywords': '元旦', 'sortType': '人气', 'tradeTypeId': 0, 'categoryIds': 0, 'categoryRank': 0}
[2020-12-24 17:42:28]:request get:https://www.houniao.hk/wxapi/goods/selectGoods
[2020-12-24 17:42:28]:{'page': 1, 'limit': 8, 'keywords': '澳洲爱他美', 'sortType': '人气', 'tradeTypeId': 0, 'categoryIds': 0, 'categoryRank': 0}
[2020-12-24 17:42:33]:request get:https://www.houniao.hk/wxapi/goods/selectGoods
[2020-12-24 17:42:33]:{'page': 2, 'limit': 8, 'keywords': '澳洲爱他美', 'sortType': '人气', 'tradeTypeId': 0, 'categoryIds': 0, 'categoryRank': 0}
[2020-12-24 17:42:37]:request get:https://www.houniao.hk/wxapi/goods/selectGoods
[2020-12-24 17:42:37]:{'page': 3, 'limit': 8, 'keywords': '澳洲爱他美', 'sortType': '人气', 'tradeTypeId': 0, 'categoryIds': 0, 'categoryRank': 0}
[2020-12-24 17:42:41]:request get:https://www.houniao.hk/wxapi/goods/selectGoods
[2020-12-24 17:42:41]:{'page': 4, 'limit': 8, 'keywords': '澳洲爱他美', 'sortType': '人气', 'tradeTypeId': 0, 'categoryIds': 0, 'categoryRank': 0}
[2020-12-24 17:42:45]:request get:https://www.houniao.hk/wxapi/goods/selectGoods
[2020-12-24 17:42:45]:{'page': 5, 'limit': 8, 'keywords': '澳洲爱他美', 'sortType': '人气', 'tradeTypeId': 0, 'categoryIds': 0, 'categoryRank': 0}
[2020-12-24 17:42:49]:request get:https://www.houniao.hk/wxapi/goods/selectGoods
[2020-12-24 17:42:49]:{'page': 6, 'limit': 8, 'keywords': '澳洲爱他美', 'sortType': '人气', 'tradeTypeId': 0, 'categoryIds': 0, 'categoryRank': 0}
[2020-12-24 17:42:51]:request get:https://www.houniao.hk/wxapi/goods/selectGoods
[2020-12-24 17:42:51]:{'page': 1, 'limit': 8, 'keywords': '玩具总动员', 'sortType': '人气', 'tradeTypeId': 0, 'categoryIds': 0, 'categoryRank': 0}
[2020-12-24 17:42:56]:request get:https://www.houniao.hk/wxapi/goods/selectGoods
[2020-12-24 17:42:56]:{'page': 2, 'limit': 8, 'keywords': '玩具总动员', 'sortType': '人气', 'tradeTypeId': 0, 'categoryIds': 0, 'categoryRank': 0}
[2020-12-24 17:43:02]:request get:https://www.houniao.hk/wxapi/goods/selectGoods
[2020-12-24 17:43:02]:{'page': 3, 'limit': 8, 'keywords': '玩具总动员', 'sortType': '人气', 'tradeTypeId': 0, 'categoryIds': 0, 'categoryRank': 0}
[2020-12-24 17:43:05]:request get:https://www.houniao.hk/wxapi/goods/selectGoods
[2020-12-24 17:43:05]:{'page': 1, 'limit': 8, 'keywords': '红谷林', 'sortType': '人气', 'tradeTypeId': 0, 'categoryIds': 0, 'categoryRank': 0}
[2020-12-24 17:43:11]:request get:https://www.houniao.hk/wxapi/goods/selectGoods
[2020-12-24 17:43:11]:{'page': 2, 'limit': 8, 'keywords': '红谷林', 'sortType': '人气', 'tradeTypeId': 0, 'categoryIds': 0, 'categoryRank': 0}
[2020-12-24 17:43:21]:request get:https://www.houniao.hk/wxapi/goods/selectGoods
[2020-12-24 17:43:21]:{'page': 3, 'limit': 8, 'keywords': '红谷林', 'sortType': '人气', 'tradeTypeId': 0, 'categoryIds': 0, 'categoryRank': 0}
[2020-12-24 17:43:27]:request get:https://www.houniao.hk/wxapi/goods/selectGoods
[2020-12-24 17:43:27]:{'page': 4, 'limit': 8, 'keywords': '红谷林', 'sortType': '人气', 'tradeTypeId': 0, 'categoryIds': 0, 'categoryRank': 0}
[2020-12-24 17:43:32]:request get:https://www.houniao.hk/wxapi/goods/selectGoods
[2020-12-24 17:43:32]:{'page': 5, 'limit': 8, 'keywords': '红谷林', 'sortType': '人气', 'tradeTypeId': 0, 'categoryIds': 0, 'categoryRank': 0}
[2020-12-24 17:43:38]:request get:https://www.houniao.hk/wxapi/goods/selectGoods
[2020-12-24 17:43:38]:{'page': 6, 'limit': 8, 'keywords': '红谷林', 'sortType': '人气', 'tradeTypeId': 0, 'categoryIds': 0, 'categoryRank': 0}
[2020-12-24 17:43:40]:request get:https://www.houniao.hk/wxapi/goods/selectGoods
[2020-12-24 17:43:40]:{'page': 1, 'limit': 8, 'keywords': '安宝柔', 'sortType': '人气', 'tradeTypeId': 0, 'categoryIds': 0, 'categoryRank': 0}
[2020-12-24 17:43:44]:request get:https://www.houniao.hk/wxapi/goods/selectGoods
[2020-12-24 17:43:44]:{'page': 2, 'limit': 8, 'keywords': '安宝柔', 'sortType': '人气', 'tradeTypeId': 0, 'categoryIds': 0, 'categoryRank': 0}
[2020-12-24 17:43:48]:request get:https://www.houniao.hk/wxapi/goods/selectGoods
[2020-12-24 17:43:48]:{'page': 3, 'limit': 8, 'keywords': '安宝柔', 'sortType': '人气', 'tradeTypeId': 0, 'categoryIds': 0, 'categoryRank': 0}
[2020-12-24 17:43:51]:request get:https://www.houniao.hk/wxapi/goods/selectGoods
[2020-12-24 17:43:51]:{'page': 4, 'limit': 8, 'keywords': '安宝柔', 'sortType': '人气', 'tradeTypeId': 0, 'categoryIds': 0, 'categoryRank': 0}
[2020-12-24 17:43:57]:request get:https://www.houniao.hk/wxapi/index/country
